The system is: Linux - 3.10.103 - armv7l
Compiling the C compiler identification source file "CMakeCCompilerId.c" succeeded.
Compiler: /usr/bin/cc 
Build flags: 
Id flags: 

The output was:
0


Compilation of the C compiler identification source "CMakeCCompilerId.c" produced "a.out"

The C compiler identification is GNU, found in "/home/odroid/catkin_ws/build/CMakeFiles/2.8.12.2/CompilerIdC/a.out"

Compiling the CXX compiler identification source file "CMakeCXXCompilerId.cpp" succeeded.
Compiler: /usr/bin/c++ 
Build flags: 
Id flags: 

The output was:
0


Compilation of the CXX compiler identification source "CMakeCXXCompilerId.cpp" produced "a.out"

The CXX compiler identification is GNU, found in "/home/odroid/catkin_ws/build/CMakeFiles/2.8.12.2/CompilerIdCXX/a.out"

Determining if the C compiler works passed with the following output:
Change Dir: /home/odroid/catkin_ws/build/CMakeFiles/CMakeTmp

Run Build Command:/usr/bin/make "cmTryCompileExec3930200970/fast"
/usr/bin/make -f CMakeFiles/cmTryCompileExec3930200970.dir/build.make CMakeFiles/cmTryCompileExec3930200970.dir/build
make[1]: Entering directory `/home/odroid/catkin_ws/build/CMakeFiles/CMakeTmp'
/usr/bin/cmake -E cmake_progress_report /home/odroid/catkin_ws/build/CMakeFiles/CMakeTmp/CMakeFiles 1
Building C object CMakeFiles/cmTryCompileExec3930200970.dir/testCCompiler.c.o
/usr/bin/cc    -o CMakeFiles/cmTryCompileExec3930200970.dir/testCCompiler.c.o   -c /home/odroid/catkin_ws/build/CMakeFiles/CMakeTmp/testCCompiler.c
Linking C executable cmTryCompileExec3930200970
/usr/bin/cmake -E cmake_link_script CMakeFiles/cmTryCompileExec3930200970.dir/link.txt --verbose=1
/usr/bin/cc       CMakeFiles/cmTryCompileExec3930200970.dir/testCCompiler.c.o  -o cmTryCompileExec3930200970 -rdynamic 
make[1]: Leaving directory `/home/odroid/catkin_ws/build/CMakeFiles/CMakeTmp'


Detecting C compiler ABI info compiled with the following output:
Change Dir: /home/odroid/catkin_ws/build/CMakeFiles/CMakeTmp

Run Build Command:/usr/bin/make "cmTryCompileExec366679510/fast"
/usr/bin/make -f CMakeFiles/cmTryCompileExec366679510.dir/build.make CMakeFiles/cmTryCompileExec366679510.dir/build
make[1]: Entering directory `/home/odroid/catkin_ws/build/CMakeFiles/CMakeTmp'
/usr/bin/cmake -E cmake_progress_report /home/odroid/catkin_ws/build/CMakeFiles/CMakeTmp/CMakeFiles 1
Building C object CMakeFiles/cmTryCompileExec366679510.dir/CMakeCCompilerABI.c.o
/usr/bin/cc    -o CMakeFiles/cmTryCompileExec366679510.dir/CMakeCCompilerABI.c.o   -c /usr/share/cmake-2.8/Modules/CMakeCCompilerABI.c
Linking C executable cmTryCompileExec366679510
/usr/bin/cmake -E cmake_link_script CMakeFiles/cmTryCompileExec366679510.dir/link.txt --verbose=1
/usr/bin/cc     -v CMakeFiles/cmTryCompileExec366679510.dir/CMakeCCompilerABI.c.o  -o cmTryCompileExec366679510 -rdynamic  
Using built-in specs.
COLLECT_GCC=/usr/bin/gcc-4.8.real
COLLECT_LTO_WRAPPER=/usr/lib/gcc/arm-linux-gnueabihf/4.8/lto-wrapper
Target: arm-linux-gnueabihf
Configured with: ../src/configure -v --with-pkgversion='Ubuntu/Linaro 4.8.4-2ubuntu1~14.04.3' --with-bugurl=file:///usr/share/doc/gcc-4.8/README.Bugs --enable-languages=c,c++,java,go,d,fortran,objc,obj-c++ --prefix=/usr --program-suffix=-4.8 --enable-shared --enable-linker-build-id --libexecdir=/usr/lib --without-included-gettext --enable-threads=posix --with-gxx-include-dir=/usr/include/c++/4.8 --libdir=/usr/lib --enable-nls --with-sysroot=/ --enable-clocale=gnu --enable-libstdcxx-debug --enable-libstdcxx-time=yes --enable-gnu-unique-object --disable-libmudflap --disable-libitm --disable-libquadmath --enable-plugin --with-system-zlib --disable-browser-plugin --enable-java-awt=gtk --enable-gtk-cairo --with-java-home=/usr/lib/jvm/java-1.5.0-gcj-4.8-armhf/jre --enable-java-home --with-jvm-root-dir=/usr/lib/jvm/java-1.5.0-gcj-4.8-armhf --with-jvm-jar-dir=/usr/lib/jvm-exports/java-1.5.0-gcj-4.8-armhf --with-arch-directory=arm --with-ecj-jar=/usr/share/java/eclipse-ecj.jar --enable-objc-gc --enable-multiarch --enable-multilib --disable-sjlj-exceptions --with-arch=armv7-a --with-fpu=vfpv3-d16 --with-float=hard --with-mode=thumb --disable-werror --enable-checking=release --build=arm-linux-gnueabihf --host=arm-linux-gnueabihf --target=arm-linux-gnueabihf
Thread model: posix
gcc version 4.8.4 (Ubuntu/Linaro 4.8.4-2ubuntu1~14.04.3) 
COMPILER_PATH=/usr/lib/gcc/arm-linux-gnueabihf/4.8/:/usr/lib/gcc/arm-linux-gnueabihf/4.8/:/usr/lib/gcc/arm-linux-gnueabihf/:/usr/lib/gcc/arm-linux-gnueabihf/4.8/:/usr/lib/gcc/arm-linux-gnueabihf/
LIBRARY_PATH=/usr/lib/gcc/arm-linux-gnueabihf/4.8/:/usr/lib/gcc/arm-linux-gnueabihf/4.8/../../../arm-linux-gnueabihf/:/usr/lib/gcc/arm-linux-gnueabihf/4.8/../../../../lib/:/lib/arm-linux-gnueabihf/:/lib/../lib/:/usr/lib/arm-linux-gnueabihf/:/usr/lib/../lib/:/usr/lib/gcc/arm-linux-gnueabihf/4.8/../../../:/lib/:/usr/lib/
COLLECT_GCC_OPTIONS='-v' '-o' 'cmTryCompileExec366679510' '-rdynamic' '-march=armv7-a' '-mfloat-abi=hard' '-mfpu=vfpv3-d16' '-mthumb' '-mtls-dialect=gnu'
 /usr/lib/gcc/arm-linux-gnueabihf/4.8/collect2 --sysroot=/ --build-id --eh-frame-hdr -export-dynamic -dynamic-linker /lib/ld-linux-armhf.so.3 -X --hash-style=gnu --as-needed -m armelf_linux_eabi -z relro -o cmTryCompileExec366679510 /usr/lib/gcc/arm-linux-gnueabihf/4.8/../../../arm-linux-gnueabihf/crt1.o /usr/lib/gcc/arm-linux-gnueabihf/4.8/../../../arm-linux-gnueabihf/crti.o /usr/lib/gcc/arm-linux-gnueabihf/4.8/crtbegin.o -L/usr/lib/gcc/arm-linux-gnueabihf/4.8 -L/usr/lib/gcc/arm-linux-gnueabihf/4.8/../../../arm-linux-gnueabihf -L/usr/lib/gcc/arm-linux-gnueabihf/4.8/../../../../lib -L/lib/arm-linux-gnueabihf -L/lib/../lib -L/usr/lib/arm-linux-gnueabihf -L/usr/lib/../lib -L/usr/lib/gcc/arm-linux-gnueabihf/4.8/../../.. CMakeFiles/cmTryCompileExec366679510.dir/CMakeCCompilerABI.c.o -lgcc --as-needed -lgcc_s --no-as-needed -lc -lgcc --as-needed -lgcc_s --no-as-needed /usr/lib/gcc/arm-linux-gnueabihf/4.8/crtend.o /usr/lib/gcc/arm-linux-gnueabihf/4.8/../../../arm-linux-gnueabihf/crtn.o
make[1]: Leaving directory `/home/odroid/catkin_ws/build/CMakeFiles/CMakeTmp'


Parsed C implicit link information from above output:
  link line regex: [^( *|.*[/\])(ld|([^/\]+-)?ld|collect2)[^/\]*( |$)]
  ignore line: [Change Dir: /home/odroid/catkin_ws/build/CMakeFiles/CMakeTmp]
  ignore line: []
  ignore line: [Run Build Command:/usr/bin/make "cmTryCompileExec366679510/fast"]
  ignore line: [/usr/bin/make -f CMakeFiles/cmTryCompileExec366679510.dir/build.make CMakeFiles/cmTryCompileExec366679510.dir/build]
  ignore line: [make[1]: Entering directory `/home/odroid/catkin_ws/build/CMakeFiles/CMakeTmp']
  ignore line: [/usr/bin/cmake -E cmake_progress_report /home/odroid/catkin_ws/build/CMakeFiles/CMakeTmp/CMakeFiles 1]
  ignore line: [Building C object CMakeFiles/cmTryCompileExec366679510.dir/CMakeCCompilerABI.c.o]
  ignore line: [/usr/bin/cc    -o CMakeFiles/cmTryCompileExec366679510.dir/CMakeCCompilerABI.c.o   -c /usr/share/cmake-2.8/Modules/CMakeCCompilerABI.c]
  ignore line: [Linking C executable cmTryCompileExec366679510]
  ignore line: [/usr/bin/cmake -E cmake_link_script CMakeFiles/cmTryCompileExec366679510.dir/link.txt --verbose=1]
  ignore line: [/usr/bin/cc     -v CMakeFiles/cmTryCompileExec366679510.dir/CMakeCCompilerABI.c.o  -o cmTryCompileExec366679510 -rdynamic  ]
  ignore line: [Using built-in specs.]
  ignore line: [COLLECT_GCC=/usr/bin/gcc-4.8.real]
  ignore line: [COLLECT_LTO_WRAPPER=/usr/lib/gcc/arm-linux-gnueabihf/4.8/lto-wrapper]
  ignore line: [Target: arm-linux-gnueabihf]
  ignore line: [Configured with: ../src/configure -v --with-pkgversion='Ubuntu/Linaro 4.8.4-2ubuntu1~14.04.3' --with-bugurl=file:///usr/share/doc/gcc-4.8/README.Bugs --enable-languages=c,c++,java,go,d,fortran,objc,obj-c++ --prefix=/usr --program-suffix=-4.8 --enable-shared --enable-linker-build-id --libexecdir=/usr/lib --without-included-gettext --enable-threads=posix --with-gxx-include-dir=/usr/include/c++/4.8 --libdir=/usr/lib --enable-nls --with-sysroot=/ --enable-clocale=gnu --enable-libstdcxx-debug --enable-libstdcxx-time=yes --enable-gnu-unique-object --disable-libmudflap --disable-libitm --disable-libquadmath --enable-plugin --with-system-zlib --disable-browser-plugin --enable-java-awt=gtk --enable-gtk-cairo --with-java-home=/usr/lib/jvm/java-1.5.0-gcj-4.8-armhf/jre --enable-java-home --with-jvm-root-dir=/usr/lib/jvm/java-1.5.0-gcj-4.8-armhf --with-jvm-jar-dir=/usr/lib/jvm-exports/java-1.5.0-gcj-4.8-armhf --with-arch-directory=arm --with-ecj-jar=/usr/share/java/eclipse-ecj.jar --enable-objc-gc --enable-multiarch --enable-multilib --disable-sjlj-exceptions --with-arch=armv7-a --with-fpu=vfpv3-d16 --with-float=hard --with-mode=thumb --disable-werror --enable-checking=release --build=arm-linux-gnueabihf --host=arm-linux-gnueabihf --target=arm-linux-gnueabihf]
  ignore line: [Thread model: posix]
  ignore line: [gcc version 4.8.4 (Ubuntu/Linaro 4.8.4-2ubuntu1~14.04.3) ]
  ignore line: [COMPILER_PATH=/usr/lib/gcc/arm-linux-gnueabihf/4.8/:/usr/lib/gcc/arm-linux-gnueabihf/4.8/:/usr/lib/gcc/arm-linux-gnueabihf/:/usr/lib/gcc/arm-linux-gnueabihf/4.8/:/usr/lib/gcc/arm-linux-gnueabihf/]
  ignore line: [LIBRARY_PATH=/usr/lib/gcc/arm-linux-gnueabihf/4.8/:/usr/lib/gcc/arm-linux-gnueabihf/4.8/../../../arm-linux-gnueabihf/:/usr/lib/gcc/arm-linux-gnueabihf/4.8/../../../../lib/:/lib/arm-linux-gnueabihf/:/lib/../lib/:/usr/lib/arm-linux-gnueabihf/:/usr/lib/../lib/:/usr/lib/gcc/arm-linux-gnueabihf/4.8/../../../:/lib/:/usr/lib/]
  ignore line: [COLLECT_GCC_OPTIONS='-v' '-o' 'cmTryCompileExec366679510' '-rdynamic' '-march=armv7-a' '-mfloat-abi=hard' '-mfpu=vfpv3-d16' '-mthumb' '-mtls-dialect=gnu']
  link line: [ /usr/lib/gcc/arm-linux-gnueabihf/4.8/collect2 --sysroot=/ --build-id --eh-frame-hdr -export-dynamic -dynamic-linker /lib/ld-linux-armhf.so.3 -X --hash-style=gnu --as-needed -m armelf_linux_eabi -z relro -o cmTryCompileExec366679510 /usr/lib/gcc/arm-linux-gnueabihf/4.8/../../../arm-linux-gnueabihf/crt1.o /usr/lib/gcc/arm-linux-gnueabihf/4.8/../../../arm-linux-gnueabihf/crti.o /usr/lib/gcc/arm-linux-gnueabihf/4.8/crtbegin.o -L/usr/lib/gcc/arm-linux-gnueabihf/4.8 -L/usr/lib/gcc/arm-linux-gnueabihf/4.8/../../../arm-linux-gnueabihf -L/usr/lib/gcc/arm-linux-gnueabihf/4.8/../../../../lib -L/lib/arm-linux-gnueabihf -L/lib/../lib -L/usr/lib/arm-linux-gnueabihf -L/usr/lib/../lib -L/usr/lib/gcc/arm-linux-gnueabihf/4.8/../../.. CMakeFiles/cmTryCompileExec366679510.dir/CMakeCCompilerABI.c.o -lgcc --as-needed -lgcc_s --no-as-needed -lc -lgcc --as-needed -lgcc_s --no-as-needed /usr/lib/gcc/arm-linux-gnueabihf/4.8/crtend.o /usr/lib/gcc/arm-linux-gnueabihf/4.8/../../../arm-linux-gnueabihf/crtn.o]
    arg [/usr/lib/gcc/arm-linux-gnueabihf/4.8/collect2] ==> ignore
    arg [--sysroot=/] ==> ignore
    arg [--build-id] ==> ignore
    arg [--eh-frame-hdr] ==> ignore
    arg [-export-dynamic] ==> ignore
    arg [-dynamic-linker] ==> ignore
    arg [/lib/ld-linux-armhf.so.3] ==> ignore
    arg [-X] ==> ignore
    arg [--hash-style=gnu] ==> ignore
    arg [--as-needed] ==> ignore
    arg [-m] ==> ignore
    arg [armelf_linux_eabi] ==> ignore
    arg [-zrelro] ==> ignore
    arg [-o] ==> ignore
    arg [cmTryCompileExec366679510] ==> ignore
    arg [/usr/lib/gcc/arm-linux-gnueabihf/4.8/../../../arm-linux-gnueabihf/crt1.o] ==> ignore
    arg [/usr/lib/gcc/arm-linux-gnueabihf/4.8/../../../arm-linux-gnueabihf/crti.o] ==> ignore
    arg [/usr/lib/gcc/arm-linux-gnueabihf/4.8/crtbegin.o] ==> ignore
    arg [-L/usr/lib/gcc/arm-linux-gnueabihf/4.8] ==> dir [/usr/lib/gcc/arm-linux-gnueabihf/4.8]
    arg [-L/usr/lib/gcc/arm-linux-gnueabihf/4.8/../../../arm-linux-gnueabihf] ==> dir [/usr/lib/gcc/arm-linux-gnueabihf/4.8/../../../arm-linux-gnueabihf]
    arg [-L/usr/lib/gcc/arm-linux-gnueabihf/4.8/../../../../lib] ==> dir [/usr/lib/gcc/arm-linux-gnueabihf/4.8/../../../../lib]
    arg [-L/lib/arm-linux-gnueabihf] ==> dir [/lib/arm-linux-gnueabihf]
    arg [-L/lib/../lib] ==> dir [/lib/../lib]
    arg [-L/usr/lib/arm-linux-gnueabihf] ==> dir [/usr/lib/arm-linux-gnueabihf]
    arg [-L/usr/lib/../lib] ==> dir [/usr/lib/../lib]
    arg [-L/usr/lib/gcc/arm-linux-gnueabihf/4.8/../../..] ==> dir [/usr/lib/gcc/arm-linux-gnueabihf/4.8/../../..]
    arg [CMakeFiles/cmTryCompileExec366679510.dir/CMakeCCompilerABI.c.o] ==> ignore
    arg [-lgcc] ==> lib [gcc]
    arg [--as-needed] ==> ignore
    arg [-lgcc_s] ==> lib [gcc_s]
    arg [--no-as-needed] ==> ignore
    arg [-lc] ==> lib [c]
    arg [-lgcc] ==> lib [gcc]
    arg [--as-needed] ==> ignore
    arg [-lgcc_s] ==> lib [gcc_s]
    arg [--no-as-needed] ==> ignore
    arg [/usr/lib/gcc/arm-linux-gnueabihf/4.8/crtend.o] ==> ignore
    arg [/usr/lib/gcc/arm-linux-gnueabihf/4.8/../../../arm-linux-gnueabihf/crtn.o] ==> ignore
  remove lib [gcc]
  remove lib [gcc_s]
  remove lib [gcc]
  remove lib [gcc_s]
  collapse library dir [/usr/lib/gcc/arm-linux-gnueabihf/4.8] ==> [/usr/lib/gcc/arm-linux-gnueabihf/4.8]
  collapse library dir [/usr/lib/gcc/arm-linux-gnueabihf/4.8/../../../arm-linux-gnueabihf] ==> [/usr/lib/arm-linux-gnueabihf]
  collapse library dir [/usr/lib/gcc/arm-linux-gnueabihf/4.8/../../../../lib] ==> [/usr/lib]
  collapse library dir [/lib/arm-linux-gnueabihf] ==> [/lib/arm-linux-gnueabihf]
  collapse library dir [/lib/../lib] ==> [/lib]
  collapse library dir [/usr/lib/arm-linux-gnueabihf] ==> [/usr/lib/arm-linux-gnueabihf]
  collapse library dir [/usr/lib/../lib] ==> [/usr/lib]
  collapse library dir [/usr/lib/gcc/arm-linux-gnueabihf/4.8/../../..] ==> [/usr/lib]
  implicit libs: [c]
  implicit dirs: [/usr/lib/gcc/arm-linux-gnueabihf/4.8;/usr/lib/arm-linux-gnueabihf;/usr/lib;/lib/arm-linux-gnueabihf;/lib]
  implicit fwks: []


Determining if the CXX compiler works passed with the following output:
Change Dir: /home/odroid/catkin_ws/build/CMakeFiles/CMakeTmp

Run Build Command:/usr/bin/make "cmTryCompileExec3378345423/fast"
/usr/bin/make -f CMakeFiles/cmTryCompileExec3378345423.dir/build.make CMakeFiles/cmTryCompileExec3378345423.dir/build
make[1]: Entering directory `/home/odroid/catkin_ws/build/CMakeFiles/CMakeTmp'
/usr/bin/cmake -E cmake_progress_report /home/odroid/catkin_ws/build/CMakeFiles/CMakeTmp/CMakeFiles 1
Building CXX object CMakeFiles/cmTryCompileExec3378345423.dir/testCXXCompiler.cxx.o
/usr/bin/c++     -o CMakeFiles/cmTryCompileExec3378345423.dir/testCXXCompiler.cxx.o -c /home/odroid/catkin_ws/build/CMakeFiles/CMakeTmp/testCXXCompiler.cxx
Linking CXX executable cmTryCompileExec3378345423
/usr/bin/cmake -E cmake_link_script CMakeFiles/cmTryCompileExec3378345423.dir/link.txt --verbose=1
/usr/bin/c++        CMakeFiles/cmTryCompileExec3378345423.dir/testCXXCompiler.cxx.o  -o cmTryCompileExec3378345423 -rdynamic 
make[1]: Leaving directory `/home/odroid/catkin_ws/build/CMakeFiles/CMakeTmp'


Detecting CXX compiler ABI info compiled with the following output:
Change Dir: /home/odroid/catkin_ws/build/CMakeFiles/CMakeTmp

Run Build Command:/usr/bin/make "cmTryCompileExec2655229973/fast"
/usr/bin/make -f CMakeFiles/cmTryCompileExec2655229973.dir/build.make CMakeFiles/cmTryCompileExec2655229973.dir/build
make[1]: Entering directory `/home/odroid/catkin_ws/build/CMakeFiles/CMakeTmp'
/usr/bin/cmake -E cmake_progress_report /home/odroid/catkin_ws/build/CMakeFiles/CMakeTmp/CMakeFiles 1
Building CXX object CMakeFiles/cmTryCompileExec2655229973.dir/CMakeCXXCompilerABI.cpp.o
/usr/bin/c++     -o CMakeFiles/cmTryCompileExec2655229973.dir/CMakeCXXCompilerABI.cpp.o -c /usr/share/cmake-2.8/Modules/CMakeCXXCompilerABI.cpp
Linking CXX executable cmTryCompileExec2655229973
/usr/bin/cmake -E cmake_link_script CMakeFiles/cmTryCompileExec2655229973.dir/link.txt --verbose=1
/usr/bin/c++      -v CMakeFiles/cmTryCompileExec2655229973.dir/CMakeCXXCompilerABI.cpp.o  -o cmTryCompileExec2655229973 -rdynamic  
Using built-in specs.
COLLECT_GCC=/usr/bin/g++-4.8.real
COLLECT_LTO_WRAPPER=/usr/lib/gcc/arm-linux-gnueabihf/4.8/lto-wrapper
Target: arm-linux-gnueabihf
Configured with: ../src/configure -v --with-pkgversion='Ubuntu/Linaro 4.8.4-2ubuntu1~14.04.3' --with-bugurl=file:///usr/share/doc/gcc-4.8/README.Bugs --enable-languages=c,c++,java,go,d,fortran,objc,obj-c++ --prefix=/usr --program-suffix=-4.8 --enable-shared --enable-linker-build-id --libexecdir=/usr/lib --without-included-gettext --enable-threads=posix --with-gxx-include-dir=/usr/include/c++/4.8 --libdir=/usr/lib --enable-nls --with-sysroot=/ --enable-clocale=gnu --enable-libstdcxx-debug --enable-libstdcxx-time=yes --enable-gnu-unique-object --disable-libmudflap --disable-libitm --disable-libquadmath --enable-plugin --with-system-zlib --disable-browser-plugin --enable-java-awt=gtk --enable-gtk-cairo --with-java-home=/usr/lib/jvm/java-1.5.0-gcj-4.8-armhf/jre --enable-java-home --with-jvm-root-dir=/usr/lib/jvm/java-1.5.0-gcj-4.8-armhf --with-jvm-jar-dir=/usr/lib/jvm-exports/java-1.5.0-gcj-4.8-armhf --with-arch-directory=arm --with-ecj-jar=/usr/share/java/eclipse-ecj.jar --enable-objc-gc --enable-multiarch --enable-multilib --disable-sjlj-exceptions --with-arch=armv7-a --with-fpu=vfpv3-d16 --with-float=hard --with-mode=thumb --disable-werror --enable-checking=release --build=arm-linux-gnueabihf --host=arm-linux-gnueabihf --target=arm-linux-gnueabihf
Thread model: posix
gcc version 4.8.4 (Ubuntu/Linaro 4.8.4-2ubuntu1~14.04.3) 
COMPILER_PATH=/usr/lib/gcc/arm-linux-gnueabihf/4.8/:/usr/lib/gcc/arm-linux-gnueabihf/4.8/:/usr/lib/gcc/arm-linux-gnueabihf/:/usr/lib/gcc/arm-linux-gnueabihf/4.8/:/usr/lib/gcc/arm-linux-gnueabihf/
LIBRARY_PATH=/usr/lib/gcc/arm-linux-gnueabihf/4.8/:/usr/lib/gcc/arm-linux-gnueabihf/4.8/../../../arm-linux-gnueabihf/:/usr/lib/gcc/arm-linux-gnueabihf/4.8/../../../../lib/:/lib/arm-linux-gnueabihf/:/lib/../lib/:/usr/lib/arm-linux-gnueabihf/:/usr/lib/../lib/:/usr/lib/gcc/arm-linux-gnueabihf/4.8/../../../:/lib/:/usr/lib/
COLLECT_GCC_OPTIONS='-v' '-o' 'cmTryCompileExec2655229973' '-rdynamic' '-shared-libgcc' '-march=armv7-a' '-mfloat-abi=hard' '-mfpu=vfpv3-d16' '-mthumb' '-mtls-dialect=gnu'
 /usr/lib/gcc/arm-linux-gnueabihf/4.8/collect2 --sysroot=/ --build-id --eh-frame-hdr -export-dynamic -dynamic-linker /lib/ld-linux-armhf.so.3 -X --hash-style=gnu --as-needed -m armelf_linux_eabi -z relro -o cmTryCompileExec2655229973 /usr/lib/gcc/arm-linux-gnueabihf/4.8/../../../arm-linux-gnueabihf/crt1.o /usr/lib/gcc/arm-linux-gnueabihf/4.8/../../../arm-linux-gnueabihf/crti.o /usr/lib/gcc/arm-linux-gnueabihf/4.8/crtbegin.o -L/usr/lib/gcc/arm-linux-gnueabihf/4.8 -L/usr/lib/gcc/arm-linux-gnueabihf/4.8/../../../arm-linux-gnueabihf -L/usr/lib/gcc/arm-linux-gnueabihf/4.8/../../../../lib -L/lib/arm-linux-gnueabihf -L/lib/../lib -L/usr/lib/arm-linux-gnueabihf -L/usr/lib/../lib -L/usr/lib/gcc/arm-linux-gnueabihf/4.8/../../.. CMakeFiles/cmTryCompileExec2655229973.dir/CMakeCXXCompilerABI.cpp.o -lstdc++ -lm -lgcc_s -lgcc -lc -lgcc_s -lgcc /usr/lib/gcc/arm-linux-gnueabihf/4.8/crtend.o /usr/lib/gcc/arm-linux-gnueabihf/4.8/../../../arm-linux-gnueabihf/crtn.o
make[1]: Leaving directory `/home/odroid/catkin_ws/build/CMakeFiles/CMakeTmp'


Parsed CXX implicit link information from above output:
  link line regex: [^( *|.*[/\])(ld|([^/\]+-)?ld|collect2)[^/\]*( |$)]
  ignore line: [Change Dir: /home/odroid/catkin_ws/build/CMakeFiles/CMakeTmp]
  ignore line: []
  ignore line: [Run Build Command:/usr/bin/make "cmTryCompileExec2655229973/fast"]
  ignore line: [/usr/bin/make -f CMakeFiles/cmTryCompileExec2655229973.dir/build.make CMakeFiles/cmTryCompileExec2655229973.dir/build]
  ignore line: [make[1]: Entering directory `/home/odroid/catkin_ws/build/CMakeFiles/CMakeTmp']
  ignore line: [/usr/bin/cmake -E cmake_progress_report /home/odroid/catkin_ws/build/CMakeFiles/CMakeTmp/CMakeFiles 1]
  ignore line: [Building CXX object CMakeFiles/cmTryCompileExec2655229973.dir/CMakeCXXCompilerABI.cpp.o]
  ignore line: [/usr/bin/c++     -o CMakeFiles/cmTryCompileExec2655229973.dir/CMakeCXXCompilerABI.cpp.o -c /usr/share/cmake-2.8/Modules/CMakeCXXCompilerABI.cpp]
  ignore line: [Linking CXX executable cmTryCompileExec2655229973]
  ignore line: [/usr/bin/cmake -E cmake_link_script CMakeFiles/cmTryCompileExec2655229973.dir/link.txt --verbose=1]
  ignore line: [/usr/bin/c++      -v CMakeFiles/cmTryCompileExec2655229973.dir/CMakeCXXCompilerABI.cpp.o  -o cmTryCompileExec2655229973 -rdynamic  ]
  ignore line: [Using built-in specs.]
  ignore line: [COLLECT_GCC=/usr/bin/g++-4.8.real]
  ignore line: [COLLECT_LTO_WRAPPER=/usr/lib/gcc/arm-linux-gnueabihf/4.8/lto-wrapper]
  ignore line: [Target: arm-linux-gnueabihf]
  ignore line: [Configured with: ../src/configure -v --with-pkgversion='Ubuntu/Linaro 4.8.4-2ubuntu1~14.04.3' --with-bugurl=file:///usr/share/doc/gcc-4.8/README.Bugs --enable-languages=c,c++,java,go,d,fortran,objc,obj-c++ --prefix=/usr --program-suffix=-4.8 --enable-shared --enable-linker-build-id --libexecdir=/usr/lib --without-included-gettext --enable-threads=posix --with-gxx-include-dir=/usr/include/c++/4.8 --libdir=/usr/lib --enable-nls --with-sysroot=/ --enable-clocale=gnu --enable-libstdcxx-debug --enable-libstdcxx-time=yes --enable-gnu-unique-object --disable-libmudflap --disable-libitm --disable-libquadmath --enable-plugin --with-system-zlib --disable-browser-plugin --enable-java-awt=gtk --enable-gtk-cairo --with-java-home=/usr/lib/jvm/java-1.5.0-gcj-4.8-armhf/jre --enable-java-home --with-jvm-root-dir=/usr/lib/jvm/java-1.5.0-gcj-4.8-armhf --with-jvm-jar-dir=/usr/lib/jvm-exports/java-1.5.0-gcj-4.8-armhf --with-arch-directory=arm --with-ecj-jar=/usr/share/java/eclipse-ecj.jar --enable-objc-gc --enable-multiarch --enable-multilib --disable-sjlj-exceptions --with-arch=armv7-a --with-fpu=vfpv3-d16 --with-float=hard --with-mode=thumb --disable-werror --enable-checking=release --build=arm-linux-gnueabihf --host=arm-linux-gnueabihf --target=arm-linux-gnueabihf]
  ignore line: [Thread model: posix]
  ignore line: [gcc version 4.8.4 (Ubuntu/Linaro 4.8.4-2ubuntu1~14.04.3) ]
  ignore line: [COMPILER_PATH=/usr/lib/gcc/arm-linux-gnueabihf/4.8/:/usr/lib/gcc/arm-linux-gnueabihf/4.8/:/usr/lib/gcc/arm-linux-gnueabihf/:/usr/lib/gcc/arm-linux-gnueabihf/4.8/:/usr/lib/gcc/arm-linux-gnueabihf/]
  ignore line: [LIBRARY_PATH=/usr/lib/gcc/arm-linux-gnueabihf/4.8/:/usr/lib/gcc/arm-linux-gnueabihf/4.8/../../../arm-linux-gnueabihf/:/usr/lib/gcc/arm-linux-gnueabihf/4.8/../../../../lib/:/lib/arm-linux-gnueabihf/:/lib/../lib/:/usr/lib/arm-linux-gnueabihf/:/usr/lib/../lib/:/usr/lib/gcc/arm-linux-gnueabihf/4.8/../../../:/lib/:/usr/lib/]
  ignore line: [COLLECT_GCC_OPTIONS='-v' '-o' 'cmTryCompileExec2655229973' '-rdynamic' '-shared-libgcc' '-march=armv7-a' '-mfloat-abi=hard' '-mfpu=vfpv3-d16' '-mthumb' '-mtls-dialect=gnu']
  link line: [ /usr/lib/gcc/arm-linux-gnueabihf/4.8/collect2 --sysroot=/ --build-id --eh-frame-hdr -export-dynamic -dynamic-linker /lib/ld-linux-armhf.so.3 -X --hash-style=gnu --as-needed -m armelf_linux_eabi -z relro -o cmTryCompileExec2655229973 /usr/lib/gcc/arm-linux-gnueabihf/4.8/../../../arm-linux-gnueabihf/crt1.o /usr/lib/gcc/arm-linux-gnueabihf/4.8/../../../arm-linux-gnueabihf/crti.o /usr/lib/gcc/arm-linux-gnueabihf/4.8/crtbegin.o -L/usr/lib/gcc/arm-linux-gnueabihf/4.8 -L/usr/lib/gcc/arm-linux-gnueabihf/4.8/../../../arm-linux-gnueabihf -L/usr/lib/gcc/arm-linux-gnueabihf/4.8/../../../../lib -L/lib/arm-linux-gnueabihf -L/lib/../lib -L/usr/lib/arm-linux-gnueabihf -L/usr/lib/../lib -L/usr/lib/gcc/arm-linux-gnueabihf/4.8/../../.. CMakeFiles/cmTryCompileExec2655229973.dir/CMakeCXXCompilerABI.cpp.o -lstdc++ -lm -lgcc_s -lgcc -lc -lgcc_s -lgcc /usr/lib/gcc/arm-linux-gnueabihf/4.8/crtend.o /usr/lib/gcc/arm-linux-gnueabihf/4.8/../../../arm-linux-gnueabihf/crtn.o]
    arg [/usr/lib/gcc/arm-linux-gnueabihf/4.8/collect2] ==> ignore
    arg [--sysroot=/] ==> ignore
    arg [--build-id] ==> ignore
    arg [--eh-frame-hdr] ==> ignore
    arg [-export-dynamic] ==> ignore
    arg [-dynamic-linker] ==> ignore
    arg [/lib/ld-linux-armhf.so.3] ==> ignore
    arg [-X] ==> ignore
    arg [--hash-style=gnu] ==> ignore
    arg [--as-needed] ==> ignore
    arg [-m] ==> ignore
    arg [armelf_linux_eabi] ==> ignore
    arg [-zrelro] ==> ignore
    arg [-o] ==> ignore
    arg [cmTryCompileExec2655229973] ==> ignore
    arg [/usr/lib/gcc/arm-linux-gnueabihf/4.8/../../../arm-linux-gnueabihf/crt1.o] ==> ignore
    arg [/usr/lib/gcc/arm-linux-gnueabihf/4.8/../../../arm-linux-gnueabihf/crti.o] ==> ignore
    arg [/usr/lib/gcc/arm-linux-gnueabihf/4.8/crtbegin.o] ==> ignore
    arg [-L/usr/lib/gcc/arm-linux-gnueabihf/4.8] ==> dir [/usr/lib/gcc/arm-linux-gnueabihf/4.8]
    arg [-L/usr/lib/gcc/arm-linux-gnueabihf/4.8/../../../arm-linux-gnueabihf] ==> dir [/usr/lib/gcc/arm-linux-gnueabihf/4.8/../../../arm-linux-gnueabihf]
    arg [-L/usr/lib/gcc/arm-linux-gnueabihf/4.8/../../../../lib] ==> dir [/usr/lib/gcc/arm-linux-gnueabihf/4.8/../../../../lib]
    arg [-L/lib/arm-linux-gnueabihf] ==> dir [/lib/arm-linux-gnueabihf]
    arg [-L/lib/../lib] ==> dir [/lib/../lib]
    arg [-L/usr/lib/arm-linux-gnueabihf] ==> dir [/usr/lib/arm-linux-gnueabihf]
    arg [-L/usr/lib/../lib] ==> dir [/usr/lib/../lib]
    arg [-L/usr/lib/gcc/arm-linux-gnueabihf/4.8/../../..] ==> dir [/usr/lib/gcc/arm-linux-gnueabihf/4.8/../../..]
    arg [CMakeFiles/cmTryCompileExec2655229973.dir/CMakeCXXCompilerABI.cpp.o] ==> ignore
    arg [-lstdc++] ==> lib [stdc++]
    arg [-lm] ==> lib [m]
    arg [-lgcc_s] ==> lib [gcc_s]
    arg [-lgcc] ==> lib [gcc]
    arg [-lc] ==> lib [c]
    arg [-lgcc_s] ==> lib [gcc_s]
    arg [-lgcc] ==> lib [gcc]
    arg [/usr/lib/gcc/arm-linux-gnueabihf/4.8/crtend.o] ==> ignore
    arg [/usr/lib/gcc/arm-linux-gnueabihf/4.8/../../../arm-linux-gnueabihf/crtn.o] ==> ignore
  remove lib [gcc_s]
  remove lib [gcc]
  remove lib [gcc_s]
  remove lib [gcc]
  collapse library dir [/usr/lib/gcc/arm-linux-gnueabihf/4.8] ==> [/usr/lib/gcc/arm-linux-gnueabihf/4.8]
  collapse library dir [/usr/lib/gcc/arm-linux-gnueabihf/4.8/../../../arm-linux-gnueabihf] ==> [/usr/lib/arm-linux-gnueabihf]
  collapse library dir [/usr/lib/gcc/arm-linux-gnueabihf/4.8/../../../../lib] ==> [/usr/lib]
  collapse library dir [/lib/arm-linux-gnueabihf] ==> [/lib/arm-linux-gnueabihf]
  collapse library dir [/lib/../lib] ==> [/lib]
  collapse library dir [/usr/lib/arm-linux-gnueabihf] ==> [/usr/lib/arm-linux-gnueabihf]
  collapse library dir [/usr/lib/../lib] ==> [/usr/lib]
  collapse library dir [/usr/lib/gcc/arm-linux-gnueabihf/4.8/../../..] ==> [/usr/lib]
  implicit libs: [stdc++;m;c]
  implicit dirs: [/usr/lib/gcc/arm-linux-gnueabihf/4.8;/usr/lib/arm-linux-gnueabihf;/usr/lib;/lib/arm-linux-gnueabihf;/lib]
  implicit fwks: []


Determining if files pthread.h exist passed with the following output:
Change Dir: /home/odroid/catkin_ws/build/CMakeFiles/CMakeTmp

Run Build Command:/usr/bin/make "cmTryCompileExec2761849556/fast"
/usr/bin/make -f CMakeFiles/cmTryCompileExec2761849556.dir/build.make CMakeFiles/cmTryCompileExec2761849556.dir/build
make[1]: Entering directory `/home/odroid/catkin_ws/build/CMakeFiles/CMakeTmp'
/usr/bin/cmake -E cmake_progress_report /home/odroid/catkin_ws/build/CMakeFiles/CMakeTmp/CMakeFiles 1
Building C object CMakeFiles/cmTryCompileExec2761849556.dir/CheckIncludeFiles.c.o
/usr/bin/cc    -o CMakeFiles/cmTryCompileExec2761849556.dir/CheckIncludeFiles.c.o   -c /home/odroid/catkin_ws/build/CMakeFiles/CMakeTmp/CheckIncludeFiles.c
Linking C executable cmTryCompileExec2761849556
/usr/bin/cmake -E cmake_link_script CMakeFiles/cmTryCompileExec2761849556.dir/link.txt --verbose=1
/usr/bin/cc       CMakeFiles/cmTryCompileExec2761849556.dir/CheckIncludeFiles.c.o  -o cmTryCompileExec2761849556 -rdynamic 
make[1]: Leaving directory `/home/odroid/catkin_ws/build/CMakeFiles/CMakeTmp'


Determining if the function pthread_create exists in the pthread passed with the following output:
Change Dir: /home/odroid/catkin_ws/build/CMakeFiles/CMakeTmp

Run Build Command:/usr/bin/make "cmTryCompileExec4132115815/fast"
/usr/bin/make -f CMakeFiles/cmTryCompileExec4132115815.dir/build.make CMakeFiles/cmTryCompileExec4132115815.dir/build
make[1]: Entering directory `/home/odroid/catkin_ws/build/CMakeFiles/CMakeTmp'
/usr/bin/cmake -E cmake_progress_report /home/odroid/catkin_ws/build/CMakeFiles/CMakeTmp/CMakeFiles 1
Building C object CMakeFiles/cmTryCompileExec4132115815.dir/CheckFunctionExists.c.o
/usr/bin/cc   -DCHECK_FUNCTION_EXISTS=pthread_create   -o CMakeFiles/cmTryCompileExec4132115815.dir/CheckFunctionExists.c.o   -c /usr/share/cmake-2.8/Modules/CheckFunctionExists.c
Linking C executable cmTryCompileExec4132115815
/usr/bin/cmake -E cmake_link_script CMakeFiles/cmTryCompileExec4132115815.dir/link.txt --verbose=1
/usr/bin/cc   -DCHECK_FUNCTION_EXISTS=pthread_create    CMakeFiles/cmTryCompileExec4132115815.dir/CheckFunctionExists.c.o  -o cmTryCompileExec4132115815 -rdynamic -lpthread 
make[1]: Leaving directory `/home/odroid/catkin_ws/build/CMakeFiles/CMakeTmp'


Determining if the function XOpenDisplay exists in the /usr/lib/arm-linux-gnueabihf/libX11.so;/usr/lib/arm-linux-gnueabihf/libXext.so passed with the following output:
Change Dir: /home/odroid/catkin_ws/build/CMakeFiles/CMakeTmp

Run Build Command:/usr/bin/make "cmTryCompileExec2010745761/fast"
/usr/bin/make -f CMakeFiles/cmTryCompileExec2010745761.dir/build.make CMakeFiles/cmTryCompileExec2010745761.dir/build
make[1]: Entering directory `/home/odroid/catkin_ws/build/CMakeFiles/CMakeTmp'
/usr/bin/cmake -E cmake_progress_report /home/odroid/catkin_ws/build/CMakeFiles/CMakeTmp/CMakeFiles 1
Building C object CMakeFiles/cmTryCompileExec2010745761.dir/CheckFunctionExists.c.o
/usr/bin/cc   -DCHECK_FUNCTION_EXISTS=XOpenDisplay   -o CMakeFiles/cmTryCompileExec2010745761.dir/CheckFunctionExists.c.o   -c /usr/share/cmake-2.8/Modules/CheckFunctionExists.c
Linking C executable cmTryCompileExec2010745761
/usr/bin/cmake -E cmake_link_script CMakeFiles/cmTryCompileExec2010745761.dir/link.txt --verbose=1
/usr/bin/cc   -DCHECK_FUNCTION_EXISTS=XOpenDisplay    CMakeFiles/cmTryCompileExec2010745761.dir/CheckFunctionExists.c.o  -o cmTryCompileExec2010745761 -rdynamic -lX11 -lXext 
make[1]: Leaving directory `/home/odroid/catkin_ws/build/CMakeFiles/CMakeTmp'


Determining if the function gethostbyname exists passed with the following output:
Change Dir: /home/odroid/catkin_ws/build/CMakeFiles/CMakeTmp

Run Build Command:/usr/bin/make "cmTryCompileExec878840690/fast"
/usr/bin/make -f CMakeFiles/cmTryCompileExec878840690.dir/build.make CMakeFiles/cmTryCompileExec878840690.dir/build
make[1]: Entering directory `/home/odroid/catkin_ws/build/CMakeFiles/CMakeTmp'
/usr/bin/cmake -E cmake_progress_report /home/odroid/catkin_ws/build/CMakeFiles/CMakeTmp/CMakeFiles 1
Building C object CMakeFiles/cmTryCompileExec878840690.dir/CheckFunctionExists.c.o
/usr/bin/cc   -DCHECK_FUNCTION_EXISTS=gethostbyname   -o CMakeFiles/cmTryCompileExec878840690.dir/CheckFunctionExists.c.o   -c /usr/share/cmake-2.8/Modules/CheckFunctionExists.c
Linking C executable cmTryCompileExec878840690
/usr/bin/cmake -E cmake_link_script CMakeFiles/cmTryCompileExec878840690.dir/link.txt --verbose=1
/usr/bin/cc   -DCHECK_FUNCTION_EXISTS=gethostbyname    CMakeFiles/cmTryCompileExec878840690.dir/CheckFunctionExists.c.o  -o cmTryCompileExec878840690 -rdynamic 
make[1]: Leaving directory `/home/odroid/catkin_ws/build/CMakeFiles/CMakeTmp'


Determining if the function connect exists passed with the following output:
Change Dir: /home/odroid/catkin_ws/build/CMakeFiles/CMakeTmp

Run Build Command:/usr/bin/make "cmTryCompileExec381726962/fast"
/usr/bin/make -f CMakeFiles/cmTryCompileExec381726962.dir/build.make CMakeFiles/cmTryCompileExec381726962.dir/build
make[1]: Entering directory `/home/odroid/catkin_ws/build/CMakeFiles/CMakeTmp'
/usr/bin/cmake -E cmake_progress_report /home/odroid/catkin_ws/build/CMakeFiles/CMakeTmp/CMakeFiles 1
Building C object CMakeFiles/cmTryCompileExec381726962.dir/CheckFunctionExists.c.o
/usr/bin/cc   -DCHECK_FUNCTION_EXISTS=connect   -o CMakeFiles/cmTryCompileExec381726962.dir/CheckFunctionExists.c.o   -c /usr/share/cmake-2.8/Modules/CheckFunctionExists.c
Linking C executable cmTryCompileExec381726962
/usr/bin/cmake -E cmake_link_script CMakeFiles/cmTryCompileExec381726962.dir/link.txt --verbose=1
/usr/bin/cc   -DCHECK_FUNCTION_EXISTS=connect    CMakeFiles/cmTryCompileExec381726962.dir/CheckFunctionExists.c.o  -o cmTryCompileExec381726962 -rdynamic 
make[1]: Leaving directory `/home/odroid/catkin_ws/build/CMakeFiles/CMakeTmp'


Determining if the function remove exists passed with the following output:
Change Dir: /home/odroid/catkin_ws/build/CMakeFiles/CMakeTmp

Run Build Command:/usr/bin/make "cmTryCompileExec958577002/fast"
/usr/bin/make -f CMakeFiles/cmTryCompileExec958577002.dir/build.make CMakeFiles/cmTryCompileExec958577002.dir/build
make[1]: Entering directory `/home/odroid/catkin_ws/build/CMakeFiles/CMakeTmp'
/usr/bin/cmake -E cmake_progress_report /home/odroid/catkin_ws/build/CMakeFiles/CMakeTmp/CMakeFiles 1
Building C object CMakeFiles/cmTryCompileExec958577002.dir/CheckFunctionExists.c.o
/usr/bin/cc   -DCHECK_FUNCTION_EXISTS=remove   -o CMakeFiles/cmTryCompileExec958577002.dir/CheckFunctionExists.c.o   -c /usr/share/cmake-2.8/Modules/CheckFunctionExists.c
Linking C executable cmTryCompileExec958577002
/usr/bin/cmake -E cmake_link_script CMakeFiles/cmTryCompileExec958577002.dir/link.txt --verbose=1
/usr/bin/cc   -DCHECK_FUNCTION_EXISTS=remove    CMakeFiles/cmTryCompileExec958577002.dir/CheckFunctionExists.c.o  -o cmTryCompileExec958577002 -rdynamic 
make[1]: Leaving directory `/home/odroid/catkin_ws/build/CMakeFiles/CMakeTmp'


Determining if the function shmat exists passed with the following output:
Change Dir: /home/odroid/catkin_ws/build/CMakeFiles/CMakeTmp

Run Build Command:/usr/bin/make "cmTryCompileExec3006476008/fast"
/usr/bin/make -f CMakeFiles/cmTryCompileExec3006476008.dir/build.make CMakeFiles/cmTryCompileExec3006476008.dir/build
make[1]: Entering directory `/home/odroid/catkin_ws/build/CMakeFiles/CMakeTmp'
/usr/bin/cmake -E cmake_progress_report /home/odroid/catkin_ws/build/CMakeFiles/CMakeTmp/CMakeFiles 1
Building C object CMakeFiles/cmTryCompileExec3006476008.dir/CheckFunctionExists.c.o
/usr/bin/cc   -DCHECK_FUNCTION_EXISTS=shmat   -o CMakeFiles/cmTryCompileExec3006476008.dir/CheckFunctionExists.c.o   -c /usr/share/cmake-2.8/Modules/CheckFunctionExists.c
Linking C executable cmTryCompileExec3006476008
/usr/bin/cmake -E cmake_link_script CMakeFiles/cmTryCompileExec3006476008.dir/link.txt --verbose=1
/usr/bin/cc   -DCHECK_FUNCTION_EXISTS=shmat    CMakeFiles/cmTryCompileExec3006476008.dir/CheckFunctionExists.c.o  -o cmTryCompileExec3006476008 -rdynamic 
make[1]: Leaving directory `/home/odroid/catkin_ws/build/CMakeFiles/CMakeTmp'


Determining if the function IceConnectionNumber exists in the ICE passed with the following output:
Change Dir: /home/odroid/catkin_ws/build/CMakeFiles/CMakeTmp

Run Build Command:/usr/bin/make "cmTryCompileExec491446739/fast"
/usr/bin/make -f CMakeFiles/cmTryCompileExec491446739.dir/build.make CMakeFiles/cmTryCompileExec491446739.dir/build
make[1]: Entering directory `/home/odroid/catkin_ws/build/CMakeFiles/CMakeTmp'
/usr/bin/cmake -E cmake_progress_report /home/odroid/catkin_ws/build/CMakeFiles/CMakeTmp/CMakeFiles 1
Building C object CMakeFiles/cmTryCompileExec491446739.dir/CheckFunctionExists.c.o
/usr/bin/cc   -DCHECK_FUNCTION_EXISTS=IceConnectionNumber   -o CMakeFiles/cmTryCompileExec491446739.dir/CheckFunctionExists.c.o   -c /usr/share/cmake-2.8/Modules/CheckFunctionExists.c
Linking C executable cmTryCompileExec491446739
/usr/bin/cmake -E cmake_link_script CMakeFiles/cmTryCompileExec491446739.dir/link.txt --verbose=1
/usr/bin/cc   -DCHECK_FUNCTION_EXISTS=IceConnectionNumber    CMakeFiles/cmTryCompileExec491446739.dir/CheckFunctionExists.c.o  -o cmTryCompileExec491446739 -rdynamic -lICE 
make[1]: Leaving directory `/home/odroid/catkin_ws/build/CMakeFiles/CMakeTmp'


Determining if the function png_create_read_struct exists passed with the following output:
Change Dir: /home/odroid/catkin_ws/build/CMakeFiles/CMakeTmp

Run Build Command:/usr/bin/make "cmTryCompileExec192243814/fast"
/usr/bin/make -f CMakeFiles/cmTryCompileExec192243814.dir/build.make CMakeFiles/cmTryCompileExec192243814.dir/build
make[1]: Entering directory `/home/odroid/catkin_ws/build/CMakeFiles/CMakeTmp'
/usr/bin/cmake -E cmake_progress_report /home/odroid/catkin_ws/build/CMakeFiles/CMakeTmp/CMakeFiles 1
Building C object CMakeFiles/cmTryCompileExec192243814.dir/CheckFunctionExists.c.o
/usr/bin/cc   -DCHECK_FUNCTION_EXISTS=png_create_read_struct   -o CMakeFiles/cmTryCompileExec192243814.dir/CheckFunctionExists.c.o   -c /usr/share/cmake-2.8/Modules/CheckFunctionExists.c
Linking C executable cmTryCompileExec192243814
/usr/bin/cmake -E cmake_link_script CMakeFiles/cmTryCompileExec192243814.dir/link.txt --verbose=1
/usr/bin/cc   -DCHECK_FUNCTION_EXISTS=png_create_read_struct    CMakeFiles/cmTryCompileExec192243814.dir/CheckFunctionExists.c.o  -o cmTryCompileExec192243814 -rdynamic -lpng 
make[1]: Leaving directory `/home/odroid/catkin_ws/build/CMakeFiles/CMakeTmp'


Determining if the function jpeg_read_header exists passed with the following output:
Change Dir: /home/odroid/catkin_ws/build/CMakeFiles/CMakeTmp

Run Build Command:/usr/bin/make "cmTryCompileExec1467069781/fast"
/usr/bin/make -f CMakeFiles/cmTryCompileExec1467069781.dir/build.make CMakeFiles/cmTryCompileExec1467069781.dir/build
make[1]: Entering directory `/home/odroid/catkin_ws/build/CMakeFiles/CMakeTmp'
/usr/bin/cmake -E cmake_progress_report /home/odroid/catkin_ws/build/CMakeFiles/CMakeTmp/CMakeFiles 1
Building C object CMakeFiles/cmTryCompileExec1467069781.dir/CheckFunctionExists.c.o
/usr/bin/cc   -DCHECK_FUNCTION_EXISTS=jpeg_read_header   -o CMakeFiles/cmTryCompileExec1467069781.dir/CheckFunctionExists.c.o   -c /usr/share/cmake-2.8/Modules/CheckFunctionExists.c
Linking C executable cmTryCompileExec1467069781
/usr/bin/cmake -E cmake_link_script CMakeFiles/cmTryCompileExec1467069781.dir/link.txt --verbose=1
/usr/bin/cc   -DCHECK_FUNCTION_EXISTS=jpeg_read_header    CMakeFiles/cmTryCompileExec1467069781.dir/CheckFunctionExists.c.o  -o cmTryCompileExec1467069781 -rdynamic -ljpeg 
make[1]: Leaving directory `/home/odroid/catkin_ws/build/CMakeFiles/CMakeTmp'


Determining if the include file sys/types.h exists passed with the following output:
Change Dir: /home/odroid/catkin_ws/build/CMakeFiles/CMakeTmp

Run Build Command:/usr/bin/make "cmTryCompileExec2431041556/fast"
/usr/bin/make -f CMakeFiles/cmTryCompileExec2431041556.dir/build.make CMakeFiles/cmTryCompileExec2431041556.dir/build
make[1]: Entering directory `/home/odroid/catkin_ws/build/CMakeFiles/CMakeTmp'
/usr/bin/cmake -E cmake_progress_report /home/odroid/catkin_ws/build/CMakeFiles/CMakeTmp/CMakeFiles 1
Building C object CMakeFiles/cmTryCompileExec2431041556.dir/CheckIncludeFile.c.o
/usr/bin/cc    -o CMakeFiles/cmTryCompileExec2431041556.dir/CheckIncludeFile.c.o   -c /home/odroid/catkin_ws/build/CMakeFiles/CMakeTmp/CheckIncludeFile.c
Linking C executable cmTryCompileExec2431041556
/usr/bin/cmake -E cmake_link_script CMakeFiles/cmTryCompileExec2431041556.dir/link.txt --verbose=1
/usr/bin/cc       CMakeFiles/cmTryCompileExec2431041556.dir/CheckIncludeFile.c.o  -o cmTryCompileExec2431041556 -rdynamic 
make[1]: Leaving directory `/home/odroid/catkin_ws/build/CMakeFiles/CMakeTmp'


Determining if the include file stdint.h exists passed with the following output:
Change Dir: /home/odroid/catkin_ws/build/CMakeFiles/CMakeTmp

Run Build Command:/usr/bin/make "cmTryCompileExec740475996/fast"
/usr/bin/make -f CMakeFiles/cmTryCompileExec740475996.dir/build.make CMakeFiles/cmTryCompileExec740475996.dir/build
make[1]: Entering directory `/home/odroid/catkin_ws/build/CMakeFiles/CMakeTmp'
/usr/bin/cmake -E cmake_progress_report /home/odroid/catkin_ws/build/CMakeFiles/CMakeTmp/CMakeFiles 1
Building C object CMakeFiles/cmTryCompileExec740475996.dir/CheckIncludeFile.c.o
/usr/bin/cc    -o CMakeFiles/cmTryCompileExec740475996.dir/CheckIncludeFile.c.o   -c /home/odroid/catkin_ws/build/CMakeFiles/CMakeTmp/CheckIncludeFile.c
Linking C executable cmTryCompileExec740475996
/usr/bin/cmake -E cmake_link_script CMakeFiles/cmTryCompileExec740475996.dir/link.txt --verbose=1
/usr/bin/cc       CMakeFiles/cmTryCompileExec740475996.dir/CheckIncludeFile.c.o  -o cmTryCompileExec740475996 -rdynamic 
make[1]: Leaving directory `/home/odroid/catkin_ws/build/CMakeFiles/CMakeTmp'


Determining if the include file stddef.h exists passed with the following output:
Change Dir: /home/odroid/catkin_ws/build/CMakeFiles/CMakeTmp

Run Build Command:/usr/bin/make "cmTryCompileExec430771292/fast"
/usr/bin/make -f CMakeFiles/cmTryCompileExec430771292.dir/build.make CMakeFiles/cmTryCompileExec430771292.dir/build
make[1]: Entering directory `/home/odroid/catkin_ws/build/CMakeFiles/CMakeTmp'
/usr/bin/cmake -E cmake_progress_report /home/odroid/catkin_ws/build/CMakeFiles/CMakeTmp/CMakeFiles 1
Building C object CMakeFiles/cmTryCompileExec430771292.dir/CheckIncludeFile.c.o
/usr/bin/cc    -o CMakeFiles/cmTryCompileExec430771292.dir/CheckIncludeFile.c.o   -c /home/odroid/catkin_ws/build/CMakeFiles/CMakeTmp/CheckIncludeFile.c
Linking C executable cmTryCompileExec430771292
/usr/bin/cmake -E cmake_link_script CMakeFiles/cmTryCompileExec430771292.dir/link.txt --verbose=1
/usr/bin/cc       CMakeFiles/cmTryCompileExec430771292.dir/CheckIncludeFile.c.o  -o cmTryCompileExec430771292 -rdynamic 
make[1]: Leaving directory `/home/odroid/catkin_ws/build/CMakeFiles/CMakeTmp'


Determining size of void* passed with the following output:
Change Dir: /home/odroid/catkin_ws/build/CMakeFiles/CMakeTmp

Run Build Command:/usr/bin/make "cmTryCompileExec3278338654/fast"
/usr/bin/make -f CMakeFiles/cmTryCompileExec3278338654.dir/build.make CMakeFiles/cmTryCompileExec3278338654.dir/build
make[1]: Entering directory `/home/odroid/catkin_ws/build/CMakeFiles/CMakeTmp'
/usr/bin/cmake -E cmake_progress_report /home/odroid/catkin_ws/build/CMakeFiles/CMakeTmp/CMakeFiles 1
Building C object CMakeFiles/cmTryCompileExec3278338654.dir/SIZE_OF_VOID_PTR.c.o
/usr/bin/cc    -o CMakeFiles/cmTryCompileExec3278338654.dir/SIZE_OF_VOID_PTR.c.o   -c /home/odroid/catkin_ws/build/CMakeFiles/CheckTypeSize/SIZE_OF_VOID_PTR.c
Linking C executable cmTryCompileExec3278338654
/usr/bin/cmake -E cmake_link_script CMakeFiles/cmTryCompileExec3278338654.dir/link.txt --verbose=1
/usr/bin/cc       CMakeFiles/cmTryCompileExec3278338654.dir/SIZE_OF_VOID_PTR.c.o  -o cmTryCompileExec3278338654 -rdynamic -ljpeg 
make[1]: Leaving directory `/home/odroid/catkin_ws/build/CMakeFiles/CMakeTmp'


Determining if the CXX compiler has std namespace passed with the following output:
Change Dir: /home/odroid/catkin_ws/build/CMakeFiles/CMakeTmp

Run Build Command:/usr/bin/make "cmTryCompileExec3699246823/fast"
/usr/bin/make -f CMakeFiles/cmTryCompileExec3699246823.dir/build.make CMakeFiles/cmTryCompileExec3699246823.dir/build
make[1]: Entering directory `/home/odroid/catkin_ws/build/CMakeFiles/CMakeTmp'
/usr/bin/cmake -E cmake_progress_report /home/odroid/catkin_ws/build/CMakeFiles/CMakeTmp/CMakeFiles 1
Building CXX object CMakeFiles/cmTryCompileExec3699246823.dir/TestForSTDNamespace.cxx.o
/usr/bin/c++    -Wreturn-type    -o CMakeFiles/cmTryCompileExec3699246823.dir/TestForSTDNamespace.cxx.o -c /usr/share/cmake-2.8/Modules/TestForSTDNamespace.cxx
Linking CXX executable cmTryCompileExec3699246823
/usr/bin/cmake -E cmake_link_script CMakeFiles/cmTryCompileExec3699246823.dir/link.txt --verbose=1
/usr/bin/c++    -Wreturn-type     CMakeFiles/cmTryCompileExec3699246823.dir/TestForSTDNamespace.cxx.o  -o cmTryCompileExec3699246823 -rdynamic 
make[1]: Leaving directory `/home/odroid/catkin_ws/build/CMakeFiles/CMakeTmp'


Determining if the include file iostream exists passed with the following output:
Change Dir: /home/odroid/catkin_ws/build/CMakeFiles/CMakeTmp

Run Build Command:/usr/bin/make "cmTryCompileExec1231434927/fast"
/usr/bin/make -f CMakeFiles/cmTryCompileExec1231434927.dir/build.make CMakeFiles/cmTryCompileExec1231434927.dir/build
make[1]: Entering directory `/home/odroid/catkin_ws/build/CMakeFiles/CMakeTmp'
/usr/bin/cmake -E cmake_progress_report /home/odroid/catkin_ws/build/CMakeFiles/CMakeTmp/CMakeFiles 1
Building CXX object CMakeFiles/cmTryCompileExec1231434927.dir/CheckIncludeFile.cxx.o
/usr/bin/c++    -Wreturn-type    -o CMakeFiles/cmTryCompileExec1231434927.dir/CheckIncludeFile.cxx.o -c /home/odroid/catkin_ws/build/CMakeFiles/CMakeTmp/CheckIncludeFile.cxx
Linking CXX executable cmTryCompileExec1231434927
/usr/bin/cmake -E cmake_link_script CMakeFiles/cmTryCompileExec1231434927.dir/link.txt --verbose=1
/usr/bin/c++    -Wreturn-type     CMakeFiles/cmTryCompileExec1231434927.dir/CheckIncludeFile.cxx.o  -o cmTryCompileExec1231434927 -rdynamic 
make[1]: Leaving directory `/home/odroid/catkin_ws/build/CMakeFiles/CMakeTmp'


